Line 13: Class Crystal.CrystalReport of control ENQCR was not a loaded control class.
Line 16: The property name _ExtentX in ENQCR is invalid.
Line 17: The property name _ExtentY in ENQCR is invalid.
Line 18: The property name _Version in ENQCR is invalid.
Line 19: The property name ReportFileName in ENQCR is invalid.
Line 20: The property name UserName in ENQCR is invalid.
Line 21: The property name WindowState in ENQCR is invalid.
Line 16: The property name _ExtentX in ENQCR is invalid.
Line 17: The property name _ExtentY in ENQCR is invalid.
Line 18: The property name _Version in ENQCR is invalid.
Line 19: The property name ReportFileName in ENQCR is invalid.
Line 20: The property name UserName in ENQCR is invalid.
Line 21: The property name WindowState in ENQCR is invalid.
Line 16: The property name _ExtentX in ENQCR is invalid.
Line 17: The property name _ExtentY in ENQCR is invalid.
Line 18: The property name _Version in ENQCR is invalid.
Line 19: The property name ReportFileName in ENQCR is invalid.
Line 20: The property name UserName in ENQCR is invalid.
Line 21: The property name WindowState in ENQCR is invalid.
Line 16: The property name _ExtentX in ENQCR is invalid.
Line 17: The property name _ExtentY in ENQCR is invalid.
Line 18: The property name _Version in ENQCR is invalid.
Line 19: The property name ReportFileName in ENQCR is invalid.
Line 20: The property name UserName in ENQCR is invalid.
Line 21: The property name WindowState in ENQCR is invalid.
Line 16: The property name _ExtentX in ENQCR is invalid.
Line 17: The property name _ExtentY in ENQCR is invalid.
Line 18: The property name _Version in ENQCR is invalid.
Line 19: The property name ReportFileName in ENQCR is invalid.
Line 20: The property name UserName in ENQCR is invalid.
Line 21: The property name WindowState in ENQCR is invalid.
Line 16: The property name _ExtentX in ENQCR is invalid.
Line 17: The property name _ExtentY in ENQCR is invalid.
Line 18: The property name _Version in ENQCR is invalid.
Line 19: The property name ReportFileName in ENQCR is invalid.
Line 20: The property name UserName in ENQCR is invalid.
Line 21: The property name WindowState in ENQCR is invalid.
Line 16: The property name _ExtentX in ENQCR is invalid.
Line 17: The property name _ExtentY in ENQCR is invalid.
Line 18: The property name _Version in ENQCR is invalid.
Line 19: The property name ReportFileName in ENQCR is invalid.
Line 20: The property name UserName in ENQCR is invalid.
Line 21: The property name WindowState in ENQCR is invalid.
